<?xml version="1.0" encoding="UTF-8"?>
<testsuite name="com.example.foodsapi.FoodsApiApplicationTests" tests="1" skipped="0" failures="0" errors="0" timestamp="2023-03-19T11:53:22" hostname="MP-EMP-N24" time="0.335">
  <properties/>
  <testcase name="contextLoads()" classname="com.example.foodsapi.FoodsApiApplicationTests" time="0.335"/>
  <system-out><![CDATA[15:53:20.940 [Test worker] DEBUG org.springframework.boot.test.context.SpringBootTestContextBootstrapper - Neither @ContextConfiguration nor @ContextHierarchy found for test class [FoodsApiApplicationTests]: using SpringBootContextLoader
15:53:20.944 [Test worker] DEBUG org.springframework.test.context.support.AbstractContextLoader - Could not detect default resource locations for test class [com.example.foodsapi.FoodsApiApplicationTests]: no resource found for suffixes {-context.xml, Context.groovy}.
15:53:20.945 [Test worker] INFO org.springframework.test.context.support.AnnotationConfigContextLoaderUtils - Could not detect default configuration classes for test class [com.example.foodsapi.FoodsApiApplicationTests]: FoodsApiApplicationTests does not declare any static, non-private, non-final, nested classes annotated with @Configuration.
15:53:20.962 [Test worker] DEBUG org.springframework.boot.test.context.SpringBootTestContextBootstrapper - Using ContextCustomizers for test class [FoodsApiApplicationTests]: [DisableObservabilityContextCustomizer, PropertyMappingContextCustomizer, Customizer, ExcludeFilterContextCustomizer, DuplicateJsonObjectContextCustomizer, MockitoContextCustomizer, TestRestTemplateContextCustomizer]
15:53:21.016 [Test worker] DEBUG org.springframework.context.annotation.ClassPathScanningCandidateComponentProvider - Identified candidate component class: file [D:\foodsApi\build\classes\java\main\com\example\foodsapi\FoodsApiApplication.class]
15:53:21.031 [Test worker] INFO org.springframework.boot.test.context.SpringBootTestContextBootstrapper - Found @SpringBootConfiguration com.example.foodsapi.FoodsApiApplication for test class com.example.foodsapi.FoodsApiApplicationTests
15:53:21.106 [Test worker] DEBUG org.springframework.test.context.util.TestContextSpringFactoriesUtils - Skipping candidate TestExecutionListener [org.springframework.test.context.transaction.TransactionalTestExecutionListener] due to a missing dependency. Specify custom TestExecutionListener classes or make the default TestExecutionListener classes and their required dependencies available. Offending class: [org/springframework/transaction/interceptor/TransactionAttributeSource]
15:53:21.107 [Test worker] DEBUG org.springframework.test.context.util.TestContextSpringFactoriesUtils - Skipping candidate TestExecutionListener [org.springframework.test.context.jdbc.SqlScriptsTestExecutionListener] due to a missing dependency. Specify custom TestExecutionListener classes or make the default TestExecutionListener classes and their required dependencies available. Offending class: [org/springframework/transaction/interceptor/TransactionAttribute]
15:53:21.109 [Test worker] DEBUG org.springframework.boot.test.context.SpringBootTestContextBootstrapper - Using TestExecutionListeners for test class [FoodsApiApplicationTests]: [ServletTestExecutionListener, DirtiesContextBeforeModesTestExecutionListener, ApplicationEventsTestExecutionListener, MockitoTestExecutionListener, DependencyInjectionTestExecutionListener, DirtiesContextTestExecutionListener, EventPublishingTestExecutionListener, RestDocsTestExecutionListener, MockRestServiceServerResetTestExecutionListener, MockMvcPrintOnlyOnFailureTestExecutionListener, WebDriverTestExecutionListener, MockWebServiceServerTestExecutionListener, ResetMocksTestExecutionListener]
15:53:21.110 [Test worker] DEBUG org.springframework.test.context.support.AbstractDirtiesContextTestExecutionListener - Before test class: class [FoodsApiApplicationTests], class annotated with @DirtiesContext [false] with mode [null]

  .   ____          _            __ _ _
 /\\ / ___'_ __ _ _(_)_ __  __ _ \ \ \ \
( ( )\___ | '_ | '_| | '_ \/ _` | \ \ \ \
 \\/  ___)| |_)| | | | | || (_| |  ) ) ) )
  '  |____| .__|_| |_|_| |_\__, | / / / /
 =========|_|==============|___/=/_/_/_/
 :: Spring Boot ::                (v3.0.4)

2023-03-19T15:53:21.368+04:00  INFO 25292 --- [    Test worker] c.e.foodsapi.FoodsApiApplicationTests    : Starting FoodsApiApplicationTests using Java 19.0.1 with PID 25292 (started by tutu.gafarli in D:\foodsApi)
2023-03-19T15:53:21.369+04:00  INFO 25292 --- [    Test worker] c.e.foodsapi.FoodsApiApplicationTests    : No active profile set, falling back to 1 default profile: "default"
2023-03-19T15:53:22.319+04:00  INFO 25292 --- [    Test worker] c.e.foodsapi.FoodsApiApplicationTests    : Started FoodsApiApplicationTests in 1.156 seconds (process running for 2.256)
]]></system-out>
  <system-err><![CDATA[]]></system-err>
</testsuite>
